#
# A fatal error has been detected by the Java Runtime Environment:
#
#  SIGSEGV (0xb) at pc=0x000000010b20fdd5, pid=33401, tid=9731
#
# JRE version: OpenJDK Runtime Environment (15.0.1+9) (build 15.0.1+9-18)
# Java VM: OpenJDK 64-Bit Server VM (15.0.1+9-18, mixed mode, tiered, compressed oops, g1 gc, bsd-amd64)
# Problematic frame:
# J 1084 c1 java.nio.DirectIntBufferU.get(I)I java.base@15.0.1 (33 bytes) @ 0x000000010b20fdd5 [0x000000010b20fd40+0x0000000000000095]
#
# No core dump will be written. Core dumps have been disabled. To enable core dumping, try "ulimit -c unlimited" before starting Java again
#
# If you would like to submit a bug report, please visit:
#   https://bugreport.java.com/bugreport/crash.jsp
#

---------------  S U M M A R Y ------------

Command Line: -XX:+ShowCodeDetailsInExceptionMessages -agentlib:jdwp=transport=dt_socket,suspend=y,address=localhost:55568 -Dcom.sun.management.jmxremote -Dcom.sun.management.jmxremote.port=55564 -Dcom.sun.management.jmxremote.authenticate=false -Dcom.sun.management.jmxremote.ssl=false -Djava.rmi.server.hostname=localhost -Dspring.jmx.enabled=true -Dspring.application.admin.enabled=true -Djava.security.egd=file:/dev/./urandom -XX:TieredStopAtLevel=1 -Dspring.boot.project.name=ApiGateway -javaagent:/Applications/SpringToolSuite4.app/Contents/Eclipse/configuration/org.eclipse.osgi/245/0/.cp/lib/javaagent-shaded.jar -Dfile.encoding=UTF-8 com.dj.photoapp.api.gateway.ApiGatewayApplication --spring.output.ansi.enabled=always

Host: MacBookPro15,2 x86_64 2300 MHz, 8 cores, 8G, Darwin 20.3.0
Time: Fri Feb  5 14:58:42 2021 KST elapsed time: 2.162763 seconds (0d 0h 0m 2s)

---------------  T H R E A D  ---------------

Current thread (0x00007fc8f100d600):  JavaThread "main" [_thread_in_Java, id=9731, stack(0x00007000007b9000,0x00007000008b9000)]

Stack: [0x00007000007b9000,0x00007000008b9000],  sp=0x00007000008b7210,  free space=1016k
Native frames: (J=compiled Java code, A=aot compiled Java code, j=interpreted, Vv=VM code, C=native code)
J 1084 c1 java.nio.DirectIntBufferU.get(I)I java.base@15.0.1 (33 bytes) @ 0x000000010b20fdd5 [0x000000010b20fd40+0x0000000000000095]
J 1139 c1 jdk.internal.jimage.BasicImageReader.findLocation(Ljava/lang/String;Ljava/lang/String;)Ljdk/internal/jimage/ImageLocation; java.base@15.0.1 (115 bytes) @ 0x000000010b232a8c [0x000000010b232940+0x000000000000014c]
J 1151